<?xml version="1.0" encoding="UTF-8"?>
<testng-results ignored="0" total="1" passed="1" failed="0" skipped="0">
  <reporter-output>
  </reporter-output>
  <suite started-at="2024-01-20T03:28:47 PKT" name="Default suite" finished-at="2024-01-20T03:30:20 PKT" duration-ms="93393">
    <groups>
    </groups>
    <test started-at="2024-01-20T03:28:47 PKT" name="Default test" finished-at="2024-01-20T03:30:20 PKT" duration-ms="93393">
      <class name="tableaccessries.TC_TablePage">
        <test-method signature="tablethings_Test()[pri:0, instance:tableaccessries.TC_TablePage@2034b64c]" started-at="2024-01-20T03:28:47 PKT" name="tablethings_Test" finished-at="2024-01-20T03:30:20 PKT" duration-ms="93225" status="PASS">
          <reporter-output>
          </reporter-output>
        </test-method> <!-- tablethings_Test -->
      </class> <!-- tableaccessries.TC_TablePage -->
    </test> <!-- Default test -->
  </suite> <!-- Default suite -->
</testng-results>
